<?xml version="1.0" encoding="UTF-8"?>
<testsuites>
  <testsuite name="" tests="1" assertions="2" errors="0" failures="0" skipped="0" time="0.081500">
    <testsuite name="Apsonex Test Suite" tests="1" assertions="2" errors="0" failures="0" skipped="0" time="0.081500">
      <testsuite name="P\Tests\GoogleFontsTest" file="/Users/gurinder/Code/Composer/apsonex/google-fonts/vendor/pestphp/pest/src/Factories/TestCaseFactory.php(196) : eval()'d code" tests="1" assertions="2" errors="0" failures="0" skipped="0" time="0.081500">
        <testcase name="__pest_evaluable_it_it_can_fetch_fonts_from_google_server_via_api" file="/Users/gurinder/Code/Composer/apsonex/google-fonts/vendor/pestphp/pest/src/Factories/TestCaseFactory.php(196) : eval()'d code" line="22" class="P\Tests\GoogleFontsTest" classname="P.Tests.GoogleFontsTest" assertions="2" time="0.081500"/>
      </testsuite>
    </testsuite>
  </testsuite>
</testsuites>
